<?xml version="1.0"?>
<testsuite name="Chrome 125.0.0 (Mac OS X 10.15.7)" package="" timestamp="2024-06-16T05:42:33" id="0" hostname="Jonathans-Laptop.local" tests="27" errors="0" failures="0" time="3.996">
  <properties>
    <property name="browser.fullName" value="Mozilla/5.0 (Macintosh; Intel Mac OS X 10_15_7) AppleWebKit/537.36 (KHTML, like Gecko) Chrome/125.0.0.0 Safari/537.36"/>
  </properties>
  <testcase name="3. Pruebas de booleanos notaMaxima: Debe retornar true si la nota es menor o igual a 10" time="0.019" classname="3. Pruebas de booleanos"/>
  <testcase name="3. Pruebas de booleanos notaMaxima: Debe retornar falso si la nota es mayor o igual a 10" time="0.065" classname="3. Pruebas de booleanos"/>
  <testcase name="5. Pruebas de clases decrementar: Debe decrementar en uno el contador" time="0.007" classname="5. Pruebas de clases"/>
  <testcase name="5. Pruebas de clases aumentar: Debe aumentar en uno el contador" time="0.008" classname="5. Pruebas de clases"/>
  <testcase name="2. Pruebas de numeros sumar: Debe retornar la suma de los dos números enviados" time="0.02" classname="2. Pruebas de numeros"/>
  <testcase name="2. Pruebas de numeros incrementar: Debe retornar incrementado en 1 el número enviado" time="0.001" classname="2. Pruebas de numeros"/>
  <testcase name="4. Pruebas de arreglos colores: Debe contener el color rojo" time="0.006" classname="4. Pruebas de arreglos"/>
  <testcase name="4. Pruebas de arreglos colores: Debe retornar un arreglo con el color enviado" time="0.007" classname="4. Pruebas de arreglos"/>
  <testcase name="4. Pruebas de arreglos colores: Debe retornar un arreglo de al menos 3 posiciones" time="0.038" classname="4. Pruebas de arreglos"/>
  <testcase name="AppComponent should render title" time="2.694" classname="AppComponent"/>
  <testcase name="AppComponent should have as title 'unit-testing-examples'" time="0.673" classname="AppComponent"/>
  <testcase name="AppComponent should create the app" time="0.338" classname="AppComponent"/>
  <testcase name="1. Pruebas de string La respuesta debe contener el nombre enviado" time="0.047" classname="1. Pruebas de string"/>
  <testcase name="1. Pruebas de string El typeof debe ser string" time="0" classname="1. Pruebas de string"/>
  <testcase name="3. Pruebas de spias obtenerUsuarios[callFake]: Se deben obtener los usuarios" time="0.003" classname="3. Pruebas de spias"/>
  <testcase name="3. Pruebas de spias obtenerUsuarios[callFake]:  Se debe obtener un mensaje de error si el servicio falla" time="0.005" classname="3. Pruebas de spias"/>
  <testcase name="3. Pruebas de spias obtenerUsuarios[returnValue]: Se deben obtener los usuarios" time="0" classname="3. Pruebas de spias"/>
  <testcase name="3. Pruebas de spias obtenerUsuarios[returnValue]: Se debe obtener un mensaje de error si el servicio falla" time="0" classname="3. Pruebas de spias"/>
  <testcase name="2. Pruebas de formularios El valor de aceptoCondiciones debe ser false" time="0" classname="2. Pruebas de formularios"/>
  <testcase name="2. Pruebas de formularios El control aceptarCondiciones debe ser requerido" time="0.005" classname="2. Pruebas de formularios"/>
  <testcase name="2. Pruebas de formularios El control password debe ser requerido" time="0" classname="2. Pruebas de formularios"/>
  <testcase name="2. Pruebas de formularios Se debe crear un formulario con tres campos" time="0" classname="2. Pruebas de formularios"/>
  <testcase name="2. Pruebas de formularios El control email tener formato de un correo válido" time="0.011" classname="2. Pruebas de formularios"/>
  <testcase name="2. Pruebas de formularios El control email debe ser requerido y tener formato de un correo válido" time="0.044" classname="2. Pruebas de formularios"/>
  <testcase name="2. Pruebas de formularios El valor de aceptoCondiciones debe ser true" time="0.001" classname="2. Pruebas de formularios"/>
  <testcase name="1. Pruebas de EventEmitter saludar: Se deve emitir un evento de saludo con el nombre enviado" time="0.004" classname="1. Pruebas de EventEmitter"/>
  <testcase name="1. Pruebas de EventEmitter cambiarNombre: Se debe emitir un evento con el nuevo nombre" time="0" classname="1. Pruebas de EventEmitter"/>
  <system-out>
    <![CDATA[
]]>
  </system-out>
  <system-err/>
</testsuite>